0 info it worked if it ends with ok
1 verbose cli [ '/Users/tor/.nvm/versions/node/v4.3.2/bin/node',
1 verbose cli   '/Users/tor/.nvm/versions/node/v4.3.2/bin/npm',
1 verbose cli   'run',
1 verbose cli   'install-application' ]
2 info using npm@2.14.12
3 info using node@v4.3.2
4 verbose run-script [ 'preinstall-application',
4 verbose run-script   'install-application',
4 verbose run-script   'postinstall-application' ]
5 info preinstall-application angular2-poc@
6 info install-application angular2-poc@
7 verbose unsafe-perm in lifecycle true
8 info angular2-poc@ Failed to exec install-application script
9 verbose stack Error: angular2-poc@ install-application: `npm run clean && npm run aot && npm run rollup`
9 verbose stack Exit status 1
9 verbose stack     at EventEmitter.<anonymous> (/Users/tor/.nvm/versions/node/v4.3.2/lib/node_modules/npm/lib/utils/lifecycle.js:214:16)
9 verbose stack     at emitTwo (events.js:87:13)
9 verbose stack     at EventEmitter.emit (events.js:172:7)
9 verbose stack     at ChildProcess.<anonymous> (/Users/tor/.nvm/versions/node/v4.3.2/lib/node_modules/npm/lib/utils/spawn.js:24:14)
9 verbose stack     at emitTwo (events.js:87:13)
9 verbose stack     at ChildProcess.emit (events.js:172:7)
9 verbose stack     at maybeClose (internal/child_process.js:821:16)
9 verbose stack     at Process.ChildProcess._handle.onexit (internal/child_process.js:211:5)
10 verbose pkgid angular2-poc@
11 verbose cwd /Users/tor/Development/angular-2-samples
12 error Darwin 14.5.0
13 error argv "/Users/tor/.nvm/versions/node/v4.3.2/bin/node" "/Users/tor/.nvm/versions/node/v4.3.2/bin/npm" "run" "install-application"
14 error node v4.3.2
15 error npm  v2.14.12
16 error code ELIFECYCLE
17 error angular2-poc@ install-application: `npm run clean && npm run aot && npm run rollup`
17 error Exit status 1
18 error Failed at the angular2-poc@ install-application script 'npm run clean && npm run aot && npm run rollup'.
18 error This is most likely a problem with the angular2-poc package,
18 error not with npm itself.
18 error Tell the author that this fails on your system:
18 error     npm run clean && npm run aot && npm run rollup
18 error You can get their info via:
18 error     npm owner ls angular2-poc
18 error There is likely additional logging output above.
19 verbose exit [ 1, true ]
